0 info it worked if it ends with ok
1 verbose cli [ 'C:\\Users\\dongh\\AppData\\Local\\atom\\app-1.3.2\\resources\\app\\apm\\bin\\node.exe',
1 verbose cli   'C:\\Users\\dongh\\AppData\\Local\\atom\\app-1.3.2\\resources\\app\\apm\\node_modules\\npm\\bin\\npm-cli.js',
1 verbose cli   '--globalconfig',
1 verbose cli   'C:\\Users\\dongh\\.atom\\.apm\\.apmrc',
1 verbose cli   '--userconfig',
1 verbose cli   'C:\\Users\\dongh\\.atom\\.apmrc',
1 verbose cli   'install',
1 verbose cli   '--target=0.34.3',
1 verbose cli   '--arch=ia32',
1 verbose cli   '--msvs_version=2013' ]
2 info using npm@2.13.3
3 info using node@v0.10.40
4 verbose readDependencies loading dependencies from C:\Users\dongh\Documents\IAR Workspace\17_RTOS_Queue\package.json
5 error install Couldn't read dependencies
6 verbose stack Error: ENOENT, open 'C:\Users\dongh\Documents\IAR Workspace\17_RTOS_Queue\package.json'
7 verbose cwd C:\Users\dongh\Documents\IAR Workspace\17_RTOS_Queue
8 error Windows_NT 6.2.9200
9 error argv "C:\\Users\\dongh\\AppData\\Local\\atom\\app-1.3.2\\resources\\app\\apm\\bin\\node.exe" "C:\\Users\\dongh\\AppData\\Local\\atom\\app-1.3.2\\resources\\app\\apm\\node_modules\\npm\\bin\\npm-cli.js" "--globalconfig" "C:\\Users\\dongh\\.atom\\.apm\\.apmrc" "--userconfig" "C:\\Users\\dongh\\.atom\\.apmrc" "install" "--target=0.34.3" "--arch=ia32" "--msvs_version=2013"
10 error node v0.10.40
11 error npm  v2.13.3
12 error path C:\Users\dongh\Documents\IAR Workspace\17_RTOS_Queue\package.json
13 error code ENOPACKAGEJSON
14 error errno 34
15 error package.json ENOENT, open 'C:\Users\dongh\Documents\IAR Workspace\17_RTOS_Queue\package.json'
15 error package.json This is most likely not a problem with npm itself.
15 error package.json npm can't find a package.json file in your current directory.
16 verbose exit [ 34, true ]
